0 info it worked if it ends with ok
1 verbose cli [ '/usr/local/Cellar/node/6.3.1/bin/node',
1 verbose cli   '/Users/AngeLopez/.npm-packages/bin/npm',
1 verbose cli   'run',
1 verbose cli   'build' ]
2 info using npm@3.10.6
3 info using node@v6.3.1
4 verbose run-script [ 'prebuild', 'build', 'postbuild' ]
5 info lifecycle BitcoinStock@0.1.0~prebuild: BitcoinStock@0.1.0
6 silly lifecycle BitcoinStock@0.1.0~prebuild: no script for prebuild, continuing
7 info lifecycle BitcoinStock@0.1.0~build: BitcoinStock@0.1.0
8 verbose lifecycle BitcoinStock@0.1.0~build: unsafe-perm in lifecycle true
9 verbose lifecycle BitcoinStock@0.1.0~build: PATH: /Users/AngeLopez/.npm-packages/lib/node_modules/npm/bin/node-gyp-bin:/Users/AngeLopez/code/bitcoin_stock/node_modules/.bin:/usr/local/Cellar/node/6.3.1/bin:/Users/AngeLopez/.npm-packages/bin:/Users/AngeLopez/.npm-packages/bin:/Users/AngeLopez/.npm-packages/bin:/Users/AngeLopez/.node/bin:/Users/AngeLopez/.node/bin:/usr/local/heroku/bin:/Users/AngeLopez/.rbenv/shims:/Users/AngeLopez/.rbenv/shims:/usr/local/bin:/Users/AngeLopez/.rbenv/shims:/usr/local/bin:/usr/local/sbin:/usr/local/mysql/bin:/usr/local/bin:/usr/bin:/bin:/usr/sbin:/sbin:/usr/local/git/bin:/Applications/Postgres.app/Contents/Versions/latest/bin
10 verbose lifecycle BitcoinStock@0.1.0~build: CWD: /Users/AngeLopez/code/bitcoin_stock
11 silly lifecycle BitcoinStock@0.1.0~build: Args: [ '-c',
11 silly lifecycle   'electron-packager . BitcoinStock --platform=darwin --arch=x64 --version=1.0.0 --overwrite' ]
12 silly lifecycle BitcoinStock@0.1.0~build: Returned: code: 1  signal: null
13 info lifecycle BitcoinStock@0.1.0~build: Failed to exec build script
14 verbose stack Error: BitcoinStock@0.1.0 build: `electron-packager . BitcoinStock --platform=darwin --arch=x64 --version=1.0.0 --overwrite`
14 verbose stack Exit status 1
14 verbose stack     at EventEmitter.<anonymous> (/Users/AngeLopez/.npm-packages/lib/node_modules/npm/lib/utils/lifecycle.js:255:16)
14 verbose stack     at emitTwo (events.js:106:13)
14 verbose stack     at EventEmitter.emit (events.js:191:7)
14 verbose stack     at ChildProcess.<anonymous> (/Users/AngeLopez/.npm-packages/lib/node_modules/npm/lib/utils/spawn.js:40:14)
14 verbose stack     at emitTwo (events.js:106:13)
14 verbose stack     at ChildProcess.emit (events.js:191:7)
14 verbose stack     at maybeClose (internal/child_process.js:852:16)
14 verbose stack     at Process.ChildProcess._handle.onexit (internal/child_process.js:215:5)
15 verbose pkgid BitcoinStock@0.1.0
16 verbose cwd /Users/AngeLopez/code/bitcoin_stock
17 error Darwin 15.6.0
18 error argv "/usr/local/Cellar/node/6.3.1/bin/node" "/Users/AngeLopez/.npm-packages/bin/npm" "run" "build"
19 error node v6.3.1
20 error npm  v3.10.6
21 error code ELIFECYCLE
22 error BitcoinStock@0.1.0 build: `electron-packager . BitcoinStock --platform=darwin --arch=x64 --version=1.0.0 --overwrite`
22 error Exit status 1
23 error Failed at the BitcoinStock@0.1.0 build script 'electron-packager . BitcoinStock --platform=darwin --arch=x64 --version=1.0.0 --overwrite'.
23 error Make sure you have the latest version of node.js and npm installed.
23 error If you do, this is most likely a problem with the BitcoinStock package,
23 error not with npm itself.
23 error Tell the author that this fails on your system:
23 error     electron-packager . BitcoinStock --platform=darwin --arch=x64 --version=1.0.0 --overwrite
23 error You can get information on how to open an issue for this project with:
23 error     npm bugs BitcoinStock
23 error Or if that isn't available, you can get their info via:
23 error     npm owner ls BitcoinStock
23 error There is likely additional logging output above.
24 verbose exit [ 1, true ]
